<?xml version="1.0" encoding="UTF-8"?>
<testng-results ignored="0" total="1" passed="1" failed="0" skipped="0">
  <reporter-output>
  </reporter-output>
  <suite started-at="2025-12-30T17:15:10 IST" name="Suite" finished-at="2025-12-30T17:16:06 IST" duration-ms="56153">
    <groups>
    </groups>
    <test started-at="2025-12-30T17:15:10 IST" name="Test" finished-at="2025-12-30T17:16:06 IST" duration-ms="56153">
      <class name="tests.LoginTest">
        <test-method is-config="true" signature="setUp()[pri:0, instance:tests.LoginTest@14cd1699]" started-at="2025-12-30T17:15:10 IST" name="setUp" finished-at="2025-12-30T17:16:02 IST" duration-ms="52412" status="PASS">
          <reporter-output>
          </reporter-output>
        </test-method> <!-- setUp -->
        <test-method signature="loginWithSecureCredentials()[pri:0, instance:tests.LoginTest@14cd1699]" started-at="2025-12-30T17:16:02 IST" name="loginWithSecureCredentials" finished-at="2025-12-30T17:16:03 IST" duration-ms="771" status="PASS">
          <reporter-output>
          </reporter-output>
        </test-method> <!-- loginWithSecureCredentials -->
        <test-method is-config="true" signature="tearDown()[pri:0, instance:tests.LoginTest@14cd1699]" started-at="2025-12-30T17:16:03 IST" name="tearDown" finished-at="2025-12-30T17:16:06 IST" duration-ms="2783" status="PASS">
          <reporter-output>
          </reporter-output>
        </test-method> <!-- tearDown -->
      </class> <!-- tests.LoginTest -->
    </test> <!-- Test -->
  </suite> <!-- Suite -->
</testng-results>
